Mon May 22 22:37:40 CEST 2017 : Server di rete Apache Derby: 10.11.1.2 - (1629631) avviato e pronto ad accettare connessioni sulla porta 1527
----------------------------------------------------------------
Mon May 22 23:01:35 CEST 2017:
Avvio della versione di Derby The Apache Software Foundation - Apache Derby - 10.11.1.2 - (1629631): istanza a816c00e-015c-31e1-3088-ffff93be56c8
sulla directory di database C:\Users\Anthra\Dropbox\INFORMATICA\AMM\LAB\Progetto_AMM\Progetto_AMM\web\WEB-INF\db\ammdb con caricatore classi sun.misc.Launcher$AppClassLoader@6f94fa3e 
Caricato da file:/C:/Program%20Files/Java/jdk1.8.0_121/db/lib/derby.jar
java.vendor=Oracle Corporation
java.runtime.version=1.8.0_121-b13
user.dir=C:\Program Files\Java\jdk1.8.0_121\db
os.name=Windows 10
os.arch=amd64
os.version=10.0
derby.system.home=C:\Users\Anthra\Dropbox\INFORMATICA\AMM\LAB\Progetto_AMM\Progetto_AMM\web\WEB-INF\db
Programma di caricamento classe database avviato - derby.database.classpath=''
----------------------------------------------------------------
Mon May 22 23:11:50 CEST 2017: arresto in corso del motore di Derby
----------------------------------------------------------------
Mon May 22 23:11:50 CEST 2017:
Arresto dell'istanza a816c00e-015c-31e1-3088-ffff93be56c8 nella directory del database C:\Users\Anthra\Dropbox\INFORMATICA\AMM\LAB\Progetto_AMM\Progetto_AMM\web\WEB-INF\db\ammdb con il caricatore di classi sun.misc.Launcher$AppClassLoader@6f94fa3e 
----------------------------------------------------------------
